<!DOCTYPE html PUBLIC "-//W3C//DTD XHTML 1.1//EN" "https://www.w3.org/TR/xhtml11/DTD/xhtml11.dtd">
<html xmlns="https://www.w3.org/1999/xhtml">
<head>
<meta http-equiv="content-type" content="text/html; charset=UTF-8"/>
<title>TestNG Report</title>
<style type="text/css">table {margin-bottom:10px;border-collapse:collapse;empty-cells:show}th,td {border:1px solid #009;padding:.25em .5em}th {vertical-align:bottom}td {vertical-align:top}table a {font-weight:bold}.stripe td {background-color: #E6EBF9}.num {text-align:right}.passedodd td {background-color: #3F3}.passedeven td {background-color: #0A0}.skippedodd td {background-color: #DDD}.skippedeven td {background-color: #CCC}.failedodd td,.attn {background-color: #F33}.failedeven td,.stripe .attn {background-color: #D00}.stacktrace {white-space:pre;font-family:monospace}.totop {font-size:85%;text-align:center;border-bottom:2px solid #000}.invisible {display:none}</style>
</head>
<body>
<table>
<tr><th>Test</th><th># Passed</th><th># Skipped</th><th># Retried</th><th># Failed</th><th>Time (ms)</th><th>Included Groups</th><th>Excluded Groups</th></tr>
<tr><th colspan="8">StudyMate Regression Suite</th></tr>
<tr><td><a href="#t0">StudyMate Test Cases</a></td><td class="num">8</td><td class="num attn">5</td><td class="num">0</td><td class="num attn">1</td><td class="num">47,656</td><td></td><td></td></tr>
</table>
<table id='summary'><thead><tr><th>Class</th><th>Method</th><th>Start</th><th>Time (ms)</th></tr></thead><tbody><tr><th colspan="4">StudyMate Regression Suite</th></tr></tbody><tbody id="t0"><tr><th colspan="4">StudyMate Test Cases &#8212; failed (configuration methods)</th></tr><tr class="failedeven"><td rowspan="1">ui.qa.studyMate.tests.StudentsPageTest</td><td><a href="#m0">setup</a></td><td rowspan="1">1748983723500</td><td rowspan="1">1</td></tr><tr class="failedodd"><td rowspan="1">ui.qa.studyMate.tests.TeachersPageTest</td><td><a href="#m1">tearDown</a></td><td rowspan="1">1748983718487</td><td rowspan="1">5009</td></tr><tr><th colspan="4">StudyMate Test Cases &#8212; failed</th></tr><tr class="failedeven"><td rowspan="1">ui.qa.studyMate.tests.TeachersPageTest</td><td><a href="#m2">validateTeachersMenuFunctionality</a></td><td rowspan="1">1748983717924</td><td rowspan="1">557</td></tr><tr><th colspan="4">StudyMate Test Cases &#8212; skipped (configuration methods)</th></tr><tr class="skippedeven"><td rowspan="9">ui.qa.studyMate.tests.StudentsPageTest</td><td><a href="#m3">setup</a></td><td rowspan="4">1748983723504</td><td rowspan="4">0</td></tr><tr class="skippedeven"><td><a href="#m4">setup</a></td></tr><tr class="skippedeven"><td><a href="#m5">setup</a></td></tr><tr class="skippedeven"><td><a href="#m6">setup</a></td></tr><tr class="skippedeven"><td><a href="#m7">tearDown</a></td><td rowspan="5">1748983723507</td><td rowspan="5">0</td></tr><tr class="skippedeven"><td><a href="#m8">tearDown</a></td></tr><tr class="skippedeven"><td><a href="#m9">tearDown</a></td></tr><tr class="skippedeven"><td><a href="#m10">tearDown</a></td></tr><tr class="skippedeven"><td><a href="#m11">tearDown</a></td></tr><tr><th colspan="4">StudyMate Test Cases &#8212; skipped</th></tr><tr class="skippedeven"><td rowspan="5">ui.qa.studyMate.tests.StudentsPageTest</td><td><a href="#m12">validateAddStudentAndCancelFunctionality</a></td><td rowspan="1">1748983723502</td><td rowspan="1">0</td></tr><tr class="skippedeven"><td><a href="#m13">validateAddStudentFunctionality</a></td><td rowspan="3">1748983723504</td><td rowspan="3">0</td></tr><tr class="skippedeven"><td><a href="#m14">validateAddStudentFunctionality</a></td></tr><tr class="skippedeven"><td><a href="#m15">validateAddStudentFunctionality</a></td></tr><tr class="skippedeven"><td><a href="#m16">validateEditStudentsFunctionality</a></td><td rowspan="1">1748983723506</td><td rowspan="1">0</td></tr><tr><th colspan="4">StudyMate Test Cases &#8212; passed</th></tr><tr class="passedeven"><td rowspan="3">ui.qa.studyMate.tests.CoursesPageTest</td><td><a href="#m17">validateCancelCoursesCreationButton</a></td><td rowspan="1">1748983711758</td><td rowspan="1">258</td></tr><tr class="passedeven"><td><a href="#m18">validateCoursePageInformation</a></td><td rowspan="1">1748983709183</td><td rowspan="1">282</td></tr><tr class="passedeven"><td><a href="#m19">validateCreateCourseFunctionality</a></td><td rowspan="1">1748983714369</td><td rowspan="1">2406</td></tr><tr class="passedodd"><td rowspan="1">ui.qa.studyMate.tests.GroupsPageTest</td><td><a href="#m20">createEditDeleteGroupTest</a></td><td rowspan="1">1748983689376</td><td rowspan="1">17549</td></tr><tr class="passedeven"><td rowspan="4">ui.qa.studyMate.tests.LoginPageTest</td><td><a href="#m21">validateForgotPasswordAndLanguage</a></td><td rowspan="2">1748983684194</td><td rowspan="2">747</td></tr><tr class="passedeven"><td><a href="#m22">validateForgotPasswordAndLanguage</a></td></tr><tr class="passedeven"><td><a href="#m23">validateLogin</a></td><td rowspan="1">1748983687399</td><td rowspan="1">843</td></tr><tr class="passedeven"><td><a href="#m24">validateLoginInformation</a></td><td rowspan="1">1748983686100</td><td rowspan="1">174</td></tr></tbody>
</table>
<h2>StudyMate Test Cases</h2><h3 id="m0">ui.qa.studyMate.tests.StudentsPageTest#setup</h3><table class="result"><tr><th>Exception</th></tr><tr><td><div class="stacktrace">org.openqa.selenium.NoSuchSessionException:
    Session ID is null. Using WebDriver after calling quit()?
    Build info: version: &apos;4.27.0&apos;, revision: &apos;d6e718d134&apos;
    System info: os.name: &apos;Mac OS X&apos;, os.arch: &apos;aarch64&apos;, os.version: &apos;15.5&apos;,
    java.version: &apos;17.0.13&apos;
    Driver info: org.openqa.selenium.chrome.ChromeDriver
    Command: [null, setTimeout {implicit=10000}]
    Capabilities {acceptInsecureCerts: false, browserName: chrome, browserVersion: 137.0.7151.56, chrome:
    {chromedriverVersion: 137.0.7151.68 (2989ffee9373..., userDataDir: /var/folders/q8/j_gvr3ds4kb...}, fedcm:accounts:
    true, goog:chromeOptions: {debuggerAddress: localhost:51648}, networkConnectionEnabled: false, pageLoadStrategy:
    normal, platformName: mac, proxy: Proxy(), se:cdp: ws://localhost:51648/devtoo..., se:cdpVersion: 137.0.7151.56,
    setWindowRect: true, strictFileInteractability: false, timeouts: {implicit: 0, pageLoad: 300000, script: 30000},
    unhandledPromptBehavior: dismiss and notify, webauthn:extension:credBlob: true, webauthn:extension:largeBlob: true,
    webauthn:extension:minPinLength: true, webauthn:extension:prf: true, webauthn:virtualAuthenticators: true}
    at org.openqa.selenium.remote.HttpCommandExecutor.execute(HttpCommandExecutor.java:151)
    at org.openqa.selenium.remote.service.DriverCommandExecutor.invokeExecute(DriverCommandExecutor.java:216)
    at org.openqa.selenium.remote.service.DriverCommandExecutor.execute(DriverCommandExecutor.java:174)
    at org.openqa.selenium.remote.RemoteWebDriver.execute(RemoteWebDriver.java:545)
    at
    org.openqa.selenium.remote.RemoteWebDriver$RemoteWebDriverOptions$RemoteTimeouts.implicitlyWait(RemoteWebDriver.java:960)
    at ui.qa.studyMate.tests.TestBase.setup(TestBase.java:23)
    at java.base/java.util.ArrayList.forEach(ArrayList.java:1511)
    at com.intellij.rt.testng.IDEARemoteTestNG.run(IDEARemoteTestNG.java:65)
    at com.intellij.rt.testng.RemoteTestNGStarter.main(RemoteTestNGStarter.java:105)
    ... Removed 28 stack frames</div></td></tr></table><p class="totop"><a href="#summary">back to summary</a></p>
<h3 id="m1">ui.qa.studyMate.tests.TeachersPageTest#tearDown</h3><table class="result"><tr><th>Exception</th></tr><tr><td><div class="stacktrace">org.openqa.selenium.WebDriverException:
    Timed out waiting for driver server to stop.
    Build info: version: &apos;4.27.0&apos;, revision: &apos;d6e718d134&apos;
    System info: os.name: &apos;Mac OS X&apos;, os.arch: &apos;aarch64&apos;, os.version: &apos;15.5&apos;,
    java.version: &apos;17.0.13&apos;
    Driver info: org.openqa.selenium.chrome.ChromeDriver
    Command: [fcf45dc513539417a212215c2d299ec6, quit {}]
    Capabilities {acceptInsecureCerts: false, browserName: chrome, browserVersion: 137.0.7151.56, chrome:
    {chromedriverVersion: 137.0.7151.68 (2989ffee9373..., userDataDir: /var/folders/q8/j_gvr3ds4kb...}, fedcm:accounts:
    true, goog:chromeOptions: {debuggerAddress: localhost:51648}, networkConnectionEnabled: false, pageLoadStrategy:
    normal, platformName: mac, proxy: Proxy(), se:cdp: ws://localhost:51648/devtoo..., se:cdpVersion: 137.0.7151.56,
    setWindowRect: true, strictFileInteractability: false, timeouts: {implicit: 0, pageLoad: 300000, script: 30000},
    unhandledPromptBehavior: dismiss and notify, webauthn:extension:credBlob: true, webauthn:extension:largeBlob: true,
    webauthn:extension:minPinLength: true, webauthn:extension:prf: true, webauthn:virtualAuthenticators: true}
    Session ID: fcf45dc513539417a212215c2d299ec6
    at org.openqa.selenium.remote.service.DriverCommandExecutor.execute(DriverCommandExecutor.java:164)
    at org.openqa.selenium.remote.RemoteWebDriver.execute(RemoteWebDriver.java:545)
    at org.openqa.selenium.remote.RemoteWebDriver.execute(RemoteWebDriver.java:618)
    at org.openqa.selenium.remote.RemoteWebDriver.execute(RemoteWebDriver.java:622)
    at org.openqa.selenium.remote.RemoteWebDriver.quit(RemoteWebDriver.java:446)
    at org.openqa.selenium.chromium.ChromiumDriver.quit(ChromiumDriver.java:436)
    at ui.utils.Driver.closeDriver(Driver.java:44)
    at ui.qa.studyMate.tests.TestBase.tearDown(TestBase.java:30)
    at java.base/java.util.ArrayList.forEach(ArrayList.java:1511)
    at com.intellij.rt.testng.IDEARemoteTestNG.run(IDEARemoteTestNG.java:65)
    at com.intellij.rt.testng.RemoteTestNGStarter.main(RemoteTestNGStarter.java:105)
    Caused by: java.util.concurrent.ExecutionException: java.io.UncheckedIOException: java.net.ConnectException
    at java.base/java.util.concurrent.CompletableFuture.reportGet(CompletableFuture.java:396)
    at java.base/java.util.concurrent.CompletableFuture.get(CompletableFuture.java:2096)
    at org.openqa.selenium.remote.service.DriverCommandExecutor.execute(DriverCommandExecutor.java:160)
    ... 39 more
    Caused by: java.io.UncheckedIOException: java.net.ConnectException
    at org.openqa.selenium.remote.http.jdk.JdkHttpClient.execute0(JdkHttpClient.java:496)
    at org.openqa.selenium.remote.http.AddSeleniumUserAgent.lambda$apply$0(AddSeleniumUserAgent.java:42)
    at org.openqa.selenium.remote.http.Filter.lambda$andFinally$1(Filter.java:55)
    at org.openqa.selenium.remote.http.jdk.JdkHttpClient.lambda$executeAsync$1(JdkHttpClient.java:383)
    at java.base/java.util.concurrent.Executors$RunnableAdapter.call(Executors.java:539)
    at java.base/java.util.concurrent.FutureTask.run$$$capture(FutureTask.java:264)
    at java.base/java.util.concurrent.FutureTask.run(FutureTask.java)
    at --- Async.Stack.Trace --- (captured by IntelliJ IDEA debugger)
    at java.base/java.util.concurrent.FutureTask.&lt;init&gt;(FutureTask.java:151)
    at java.base/java.util.concurrent.AbstractExecutorService.newTaskFor(AbstractExecutorService.java:98)
    at java.base/java.util.concurrent.AbstractExecutorService.submit(AbstractExecutorService.java:122)
    at org.openqa.selenium.remote.http.jdk.JdkHttpClient.executeAsync(JdkHttpClient.java:380)
    at org.openqa.selenium.remote.http.jdk.JdkHttpClient.execute(JdkHttpClient.java:409)
    at org.openqa.selenium.remote.HttpCommandExecutor.execute(HttpCommandExecutor.java:187)
    at org.openqa.selenium.remote.service.DriverCommandExecutor.invokeExecute(DriverCommandExecutor.java:216)
    at org.openqa.selenium.remote.service.DriverCommandExecutor.lambda$execute$1(DriverCommandExecutor.java:126)
    at java.base/java.util.concurrent.CompletableFuture$AsyncSupply.run$$$capture(CompletableFuture.java:1768)
    at java.base/java.util.concurrent.CompletableFuture$AsyncSupply.run(CompletableFuture.java)
    at --- Async.Stack.Trace --- (captured by IntelliJ IDEA debugger)
    at java.base/java.util.concurrent.CompletableFuture$AsyncSupply.&lt;init&gt;(CompletableFuture.java:1754)
    at java.base/java.util.concurrent.CompletableFuture.asyncSupplyStage(CompletableFuture.java:1782)
    at java.base/java.util.concurrent.CompletableFuture.supplyAsync(CompletableFuture.java:2005)
    at org.openqa.selenium.remote.service.DriverCommandExecutor.execute(DriverCommandExecutor.java:123)
    ... 39 more
    Caused by: java.net.ConnectException
    at java.net.http/jdk.internal.net.http.HttpClientImpl.send(HttpClientImpl.java:574)
    at java.net.http/jdk.internal.net.http.HttpClientFacade.send(HttpClientFacade.java:123)
    at org.openqa.selenium.remote.http.jdk.JdkHttpClient.execute0(JdkHttpClient.java:455)
    ... 61 more
    Caused by: java.net.ConnectException
    at java.net.http/jdk.internal.net.http.common.Utils.toConnectException(Utils.java:1083)
    at java.net.http/jdk.internal.net.http.PlainHttpConnection.connectAsync(PlainHttpConnection.java:198)
    at java.net.http/jdk.internal.net.http.PlainHttpConnection.checkRetryConnect(PlainHttpConnection.java:230)
    at java.net.http/jdk.internal.net.http.PlainHttpConnection.lambda$connectAsync$1(PlainHttpConnection.java:206)
    at java.base/java.util.concurrent.CompletableFuture.uniHandle(CompletableFuture.java:934)
    at java.base/java.util.concurrent.CompletableFuture$UniHandle.tryFire(CompletableFuture.java:911)
    at java.base/java.util.concurrent.CompletableFuture.postComplete(CompletableFuture.java:510)
    at java.base/java.util.concurrent.CompletableFuture$AsyncSupply.run$$$capture(CompletableFuture.java:1773)
    at java.base/java.util.concurrent.CompletableFuture$AsyncSupply.run(CompletableFuture.java)
    at --- Async.Stack.Trace --- (captured by IntelliJ IDEA debugger)
    at java.base/java.util.concurrent.CompletableFuture$AsyncSupply.&lt;init&gt;(CompletableFuture.java:1754)
    at java.base/java.util.concurrent.CompletableFuture.completeAsync(CompletableFuture.java:2673)
    at java.net.http/jdk.internal.net.http.PlainHttpConnection$ConnectEvent.handle(PlainHttpConnection.java:148)
    at java.net.http/jdk.internal.net.http.HttpClientImpl$SelectorManager.handleEvent(HttpClientImpl.java:984)
    at java.net.http/jdk.internal.net.http.HttpClientImpl$SelectorManager.lambda$run$3(HttpClientImpl.java:939)
    at java.base/java.util.ArrayList.forEach(ArrayList.java:1511)
    at java.net.http/jdk.internal.net.http.HttpClientImpl$SelectorManager.run(HttpClientImpl.java:939)
    Caused by: java.nio.channels.ClosedChannelException
    at java.base/sun.nio.ch.SocketChannelImpl.ensureOpen(SocketChannelImpl.java:195)
    at java.base/sun.nio.ch.SocketChannelImpl.beginConnect(SocketChannelImpl.java:760)
    at java.base/sun.nio.ch.SocketChannelImpl.connect(SocketChannelImpl.java:848)
    at java.net.http/jdk.internal.net.http.PlainHttpConnection.lambda$connectAsync$0(PlainHttpConnection.java:183)
    at java.base/java.security.AccessController.doPrivileged(AccessController.java:569)
    at java.net.http/jdk.internal.net.http.PlainHttpConnection.connectAsync(PlainHttpConnection.java:185)
    ... 15 more
    ... Removed 29 stack frames</div></td></tr></table><p class="totop"><a href="#summary">back to summary</a></p>
<h3 id="m2">ui.qa.studyMate.tests.TeachersPageTest#validateTeachersMenuFunctionality</h3><table class="result"><tr class="param"><th>Parameter #1</th><th>Parameter #2</th><th>Parameter #3</th><th>Parameter #4</th><th>Parameter #5</th><th>Parameter #6</th><th>Parameter #7</th></tr><tr class="param stripe"><td>Benazir</td><td>Baialiyeva</td><td>3053452312</td><td>hellhgfo@gmail.com</td><td>teacher</td><td>Instructor successfully saved</td><td>Instructor successfully deleted</td></tr><tr><th colspan="7">Exception</th></tr><tr><td colspan="7"><div class="stacktrace">org.openqa.selenium.remote.UnreachableBrowserException:
    Error communicating with the remote browser. It may have died.
    Build info: version: &apos;4.27.0&apos;, revision: &apos;d6e718d134&apos;
    System info: os.name: &apos;Mac OS X&apos;, os.arch: &apos;aarch64&apos;, os.version: &apos;15.5&apos;,
    java.version: &apos;17.0.13&apos;
    Driver info: org.openqa.selenium.chrome.ChromeDriver
    Command: [fcf45dc513539417a212215c2d299ec6, sendKeysToElement [id, value]]
    Capabilities {acceptInsecureCerts: false, browserName: chrome, browserVersion: 137.0.7151.56, chrome:
    {chromedriverVersion: 137.0.7151.68 (2989ffee9373..., userDataDir: /var/folders/q8/j_gvr3ds4kb...}, fedcm:accounts:
    true, goog:chromeOptions: {debuggerAddress: localhost:51648}, networkConnectionEnabled: false, pageLoadStrategy:
    normal, platformName: mac, proxy: Proxy(), se:cdp: ws://localhost:51648/devtoo..., se:cdpVersion: 137.0.7151.56,
    setWindowRect: true, strictFileInteractability: false, timeouts: {implicit: 0, pageLoad: 300000, script: 30000},
    unhandledPromptBehavior: dismiss and notify, webauthn:extension:credBlob: true, webauthn:extension:largeBlob: true,
    webauthn:extension:minPinLength: true, webauthn:extension:prf: true, webauthn:virtualAuthenticators: true}
    Element: [[ChromeDriver: chrome on mac (fcf45dc513539417a212215c2d299ec6)] -&gt; name: password]
    Session ID: fcf45dc513539417a212215c2d299ec6
    at org.openqa.selenium.remote.RemoteWebDriver.execute(RemoteWebDriver.java:572)
    at org.openqa.selenium.remote.RemoteWebElement.execute(RemoteWebElement.java:223)
    at org.openqa.selenium.remote.RemoteWebElement.sendKeys(RemoteWebElement.java:110)
    at org.openqa.selenium.support.pagefactory.internal.LocatingElementHandler.invoke(LocatingElementHandler.java:51)
    at jdk.proxy2/jdk.proxy2.$Proxy13.sendKeys(Unknown Source)
    at ui.qa.studyMate.pages.LoginPage.login(LoginPage.java:61)
    at ui.qa.studyMate.tests.TeachersPageTest.validateTeachersMenuFunctionality(TeachersPageTest.java:14)
    at java.base/java.util.ArrayList.forEach(ArrayList.java:1511)
    at com.intellij.rt.testng.IDEARemoteTestNG.run(IDEARemoteTestNG.java:65)
    at com.intellij.rt.testng.RemoteTestNGStarter.main(RemoteTestNGStarter.java:105)
    Caused by: java.io.UncheckedIOException: java.io.IOException: HTTP/1.1 header parser received no bytes
    at org.openqa.selenium.remote.http.jdk.JdkHttpClient.execute0(JdkHttpClient.java:496)
    at org.openqa.selenium.remote.http.AddSeleniumUserAgent.lambda$apply$0(AddSeleniumUserAgent.java:42)
    at org.openqa.selenium.remote.http.Filter.lambda$andFinally$1(Filter.java:55)
    at org.openqa.selenium.remote.http.jdk.JdkHttpClient.lambda$executeAsync$1(JdkHttpClient.java:383)
    at java.base/java.util.concurrent.Executors$RunnableAdapter.call(Executors.java:539)
    at java.base/java.util.concurrent.FutureTask.run$$$capture(FutureTask.java:264)
    at java.base/java.util.concurrent.FutureTask.run(FutureTask.java)
    at --- Async.Stack.Trace --- (captured by IntelliJ IDEA debugger)
    at java.base/java.util.concurrent.FutureTask.&lt;init&gt;(FutureTask.java:151)
    at java.base/java.util.concurrent.AbstractExecutorService.newTaskFor(AbstractExecutorService.java:98)
    at java.base/java.util.concurrent.AbstractExecutorService.submit(AbstractExecutorService.java:122)
    at org.openqa.selenium.remote.http.jdk.JdkHttpClient.executeAsync(JdkHttpClient.java:380)
    at org.openqa.selenium.remote.http.jdk.JdkHttpClient.execute(JdkHttpClient.java:409)
    at org.openqa.selenium.remote.HttpCommandExecutor.execute(HttpCommandExecutor.java:187)
    at org.openqa.selenium.remote.service.DriverCommandExecutor.invokeExecute(DriverCommandExecutor.java:216)
    at org.openqa.selenium.remote.service.DriverCommandExecutor.execute(DriverCommandExecutor.java:174)
    at org.openqa.selenium.remote.RemoteWebDriver.execute(RemoteWebDriver.java:545)
    ... 36 more
    Caused by: java.io.IOException: HTTP/1.1 header parser received no bytes
    at java.net.http/jdk.internal.net.http.HttpClientImpl.send(HttpClientImpl.java:591)
    at java.net.http/jdk.internal.net.http.HttpClientFacade.send(HttpClientFacade.java:123)
    at org.openqa.selenium.remote.http.jdk.JdkHttpClient.execute0(JdkHttpClient.java:455)
    ... 52 more
    Caused by: java.io.IOException: HTTP/1.1 header parser received no bytes
    at java.net.http/jdk.internal.net.http.common.Utils.wrapWithExtraDetail(Utils.java:348)
    at java.net.http/jdk.internal.net.http.Http1Response$HeadersReader.onReadError(Http1Response.java:675)
    at java.net.http/jdk.internal.net.http.Http1AsyncReceiver.checkForErrors(Http1AsyncReceiver.java:302)
    at java.net.http/jdk.internal.net.http.Http1AsyncReceiver.flush(Http1AsyncReceiver.java:268)
    at
    java.net.http/jdk.internal.net.http.common.SequentialScheduler$LockingRestartableTask.run(SequentialScheduler.java:205)
    at
    java.net.http/jdk.internal.net.http.common.SequentialScheduler$CompleteRestartableTask.run(SequentialScheduler.java:149)
    at java.net.http/jdk.internal.net.http.common.SequentialScheduler$SchedulableTask.run(SequentialScheduler.java:230)
    at java.base/java.util.concurrent.ThreadPoolExecutor.runWorker(ThreadPoolExecutor.java:1136)
    at java.base/java.util.concurrent.ThreadPoolExecutor$Worker.run(ThreadPoolExecutor.java:635)
    at java.base/java.lang.Thread.run(Thread.java:840)
    Caused by: java.io.EOFException: EOF reached while reading
    at
    java.net.http/jdk.internal.net.http.Http1AsyncReceiver$Http1TubeSubscriber.onComplete(Http1AsyncReceiver.java:596)
    at
    java.net.http/jdk.internal.net.http.SocketTube$InternalReadPublisher$ReadSubscription.signalCompletion(SocketTube.java:640)
    at
    java.net.http/jdk.internal.net.http.SocketTube$InternalReadPublisher$InternalReadSubscription.read(SocketTube.java:845)
    at java.net.http/jdk.internal.net.http.SocketTube$SocketFlowTask.run(SocketTube.java:181)
    at java.net.http/jdk.internal.net.http.common.SequentialScheduler$SchedulableTask.run(SequentialScheduler.java:230)
    at java.net.http/jdk.internal.net.http.common.SequentialScheduler.runOrSchedule(SequentialScheduler.java:303)
    at java.net.http/jdk.internal.net.http.common.SequentialScheduler.runOrSchedule(SequentialScheduler.java:256)
    at
    java.net.http/jdk.internal.net.http.SocketTube$InternalReadPublisher$InternalReadSubscription.signalReadable(SocketTube.java:774)
    at java.net.http/jdk.internal.net.http.SocketTube$InternalReadPublisher$ReadEvent.signalEvent(SocketTube.java:957)
    at java.net.http/jdk.internal.net.http.SocketTube$SocketFlowEvent.handle(SocketTube.java:253)
    at java.net.http/jdk.internal.net.http.HttpClientImpl$SelectorManager.handleEvent(HttpClientImpl.java:984)
    at java.net.http/jdk.internal.net.http.HttpClientImpl$SelectorManager.lambda$run$3(HttpClientImpl.java:939)
    at java.base/java.util.ArrayList.forEach(ArrayList.java:1511)
    at java.net.http/jdk.internal.net.http.HttpClientImpl$SelectorManager.run(HttpClientImpl.java:939)
    ... Removed 27 stack frames</div></td></tr></table><p class="totop"><a href="#summary">back to summary</a></p>
<h3 id="m3">ui.qa.studyMate.tests.StudentsPageTest#setup</h3><table class="result"><tr><th class="invisible"/></tr></table><p class="totop"><a href="#summary">back to summary</a></p>
<h3 id="m4">ui.qa.studyMate.tests.StudentsPageTest#setup</h3><table class="result"><tr><th class="invisible"/></tr></table><p class="totop"><a href="#summary">back to summary</a></p>
<h3 id="m5">ui.qa.studyMate.tests.StudentsPageTest#setup</h3><table class="result"><tr><th class="invisible"/></tr></table><p class="totop"><a href="#summary">back to summary</a></p>
<h3 id="m6">ui.qa.studyMate.tests.StudentsPageTest#setup</h3><table class="result"><tr><th class="invisible"/></tr></table><p class="totop"><a href="#summary">back to summary</a></p>
<h3 id="m7">ui.qa.studyMate.tests.StudentsPageTest#tearDown</h3><table class="result"><tr><th class="invisible"/></tr></table><p class="totop"><a href="#summary">back to summary</a></p>
<h3 id="m8">ui.qa.studyMate.tests.StudentsPageTest#tearDown</h3><table class="result"><tr><th class="invisible"/></tr></table><p class="totop"><a href="#summary">back to summary</a></p>
<h3 id="m9">ui.qa.studyMate.tests.StudentsPageTest#tearDown</h3><table class="result"><tr><th class="invisible"/></tr></table><p class="totop"><a href="#summary">back to summary</a></p>
<h3 id="m10">ui.qa.studyMate.tests.StudentsPageTest#tearDown</h3><table class="result"><tr><th class="invisible"/></tr></table><p class="totop"><a href="#summary">back to summary</a></p>
<h3 id="m11">ui.qa.studyMate.tests.StudentsPageTest#tearDown</h3><table class="result"><tr><th class="invisible"/></tr></table><p class="totop"><a href="#summary">back to summary</a></p>
<h3 id="m12">ui.qa.studyMate.tests.StudentsPageTest#validateAddStudentAndCancelFunctionality</h3><table class="result"><tr><th>Exception</th></tr><tr><td><div class="stacktrace">org.openqa.selenium.NoSuchSessionException:
    Session ID is null. Using WebDriver after calling quit()?
    Build info: version: &apos;4.27.0&apos;, revision: &apos;d6e718d134&apos;
    System info: os.name: &apos;Mac OS X&apos;, os.arch: &apos;aarch64&apos;, os.version: &apos;15.5&apos;,
    java.version: &apos;17.0.13&apos;
    Driver info: org.openqa.selenium.chrome.ChromeDriver
    Command: [null, setTimeout {implicit=10000}]
    Capabilities {acceptInsecureCerts: false, browserName: chrome, browserVersion: 137.0.7151.56, chrome:
    {chromedriverVersion: 137.0.7151.68 (2989ffee9373..., userDataDir: /var/folders/q8/j_gvr3ds4kb...}, fedcm:accounts:
    true, goog:chromeOptions: {debuggerAddress: localhost:51648}, networkConnectionEnabled: false, pageLoadStrategy:
    normal, platformName: mac, proxy: Proxy(), se:cdp: ws://localhost:51648/devtoo..., se:cdpVersion: 137.0.7151.56,
    setWindowRect: true, strictFileInteractability: false, timeouts: {implicit: 0, pageLoad: 300000, script: 30000},
    unhandledPromptBehavior: dismiss and notify, webauthn:extension:credBlob: true, webauthn:extension:largeBlob: true,
    webauthn:extension:minPinLength: true, webauthn:extension:prf: true, webauthn:virtualAuthenticators: true}
    at org.openqa.selenium.remote.HttpCommandExecutor.execute(HttpCommandExecutor.java:151)
    at org.openqa.selenium.remote.service.DriverCommandExecutor.invokeExecute(DriverCommandExecutor.java:216)
    at org.openqa.selenium.remote.service.DriverCommandExecutor.execute(DriverCommandExecutor.java:174)
    at org.openqa.selenium.remote.RemoteWebDriver.execute(RemoteWebDriver.java:545)
    at
    org.openqa.selenium.remote.RemoteWebDriver$RemoteWebDriverOptions$RemoteTimeouts.implicitlyWait(RemoteWebDriver.java:960)
    at ui.qa.studyMate.tests.TestBase.setup(TestBase.java:23)
    at java.base/java.util.ArrayList.forEach(ArrayList.java:1511)
    at com.intellij.rt.testng.IDEARemoteTestNG.run(IDEARemoteTestNG.java:65)
    at com.intellij.rt.testng.RemoteTestNGStarter.main(RemoteTestNGStarter.java:105)
    ... Removed 28 stack frames</div></td></tr></table><p class="totop"><a href="#summary">back to summary</a></p>
<h3 id="m13">ui.qa.studyMate.tests.StudentsPageTest#validateAddStudentFunctionality</h3><table class="result"><tr class="param"><th>Parameter #1</th><th>Parameter #2</th><th>Parameter #3</th><th>Parameter #4</th><th>Parameter #5</th><th>Parameter #6</th></tr><tr class="param stripe"><td>Helen</td><td>Smith</td><td>1111111111</td><td>hello@gmail.com</td><td>online</td><td>New student successfully saved</td></tr><tr><th colspan="6">Exception</th></tr><tr><td colspan="6"><div class="stacktrace">org.openqa.selenium.NoSuchSessionException:
    Session ID is null. Using WebDriver after calling quit()?
    Build info: version: &apos;4.27.0&apos;, revision: &apos;d6e718d134&apos;
    System info: os.name: &apos;Mac OS X&apos;, os.arch: &apos;aarch64&apos;, os.version: &apos;15.5&apos;,
    java.version: &apos;17.0.13&apos;
    Driver info: org.openqa.selenium.chrome.ChromeDriver
    Command: [null, setTimeout {implicit=10000}]
    Capabilities {acceptInsecureCerts: false, browserName: chrome, browserVersion: 137.0.7151.56, chrome:
    {chromedriverVersion: 137.0.7151.68 (2989ffee9373..., userDataDir: /var/folders/q8/j_gvr3ds4kb...}, fedcm:accounts:
    true, goog:chromeOptions: {debuggerAddress: localhost:51648}, networkConnectionEnabled: false, pageLoadStrategy:
    normal, platformName: mac, proxy: Proxy(), se:cdp: ws://localhost:51648/devtoo..., se:cdpVersion: 137.0.7151.56,
    setWindowRect: true, strictFileInteractability: false, timeouts: {implicit: 0, pageLoad: 300000, script: 30000},
    unhandledPromptBehavior: dismiss and notify, webauthn:extension:credBlob: true, webauthn:extension:largeBlob: true,
    webauthn:extension:minPinLength: true, webauthn:extension:prf: true, webauthn:virtualAuthenticators: true}
    at org.openqa.selenium.remote.HttpCommandExecutor.execute(HttpCommandExecutor.java:151)
    at org.openqa.selenium.remote.service.DriverCommandExecutor.invokeExecute(DriverCommandExecutor.java:216)
    at org.openqa.selenium.remote.service.DriverCommandExecutor.execute(DriverCommandExecutor.java:174)
    at org.openqa.selenium.remote.RemoteWebDriver.execute(RemoteWebDriver.java:545)
    at
    org.openqa.selenium.remote.RemoteWebDriver$RemoteWebDriverOptions$RemoteTimeouts.implicitlyWait(RemoteWebDriver.java:960)
    at ui.qa.studyMate.tests.TestBase.setup(TestBase.java:23)
    at java.base/java.util.ArrayList.forEach(ArrayList.java:1511)
    at com.intellij.rt.testng.IDEARemoteTestNG.run(IDEARemoteTestNG.java:65)
    at com.intellij.rt.testng.RemoteTestNGStarter.main(RemoteTestNGStarter.java:105)
    ... Removed 28 stack frames</div></td></tr></table><p class="totop"><a href="#summary">back to summary</a></p>
<h3 id="m14">ui.qa.studyMate.tests.StudentsPageTest#validateAddStudentFunctionality</h3><table class="result"><tr class="param"><th>Parameter #1</th><th>Parameter #2</th><th>Parameter #3</th><th>Parameter #4</th><th>Parameter #5</th><th>Parameter #6</th></tr><tr class="param stripe"><td>Liam</td><td>Anderson</td><td>1234589011</td><td>johny@gmail.com</td><td>offline</td><td>User with the same email already exists</td></tr><tr><th colspan="6">Exception</th></tr><tr><td colspan="6"><div class="stacktrace">org.openqa.selenium.NoSuchSessionException:
    Session ID is null. Using WebDriver after calling quit()?
    Build info: version: &apos;4.27.0&apos;, revision: &apos;d6e718d134&apos;
    System info: os.name: &apos;Mac OS X&apos;, os.arch: &apos;aarch64&apos;, os.version: &apos;15.5&apos;,
    java.version: &apos;17.0.13&apos;
    Driver info: org.openqa.selenium.chrome.ChromeDriver
    Command: [null, setTimeout {implicit=10000}]
    Capabilities {acceptInsecureCerts: false, browserName: chrome, browserVersion: 137.0.7151.56, chrome:
    {chromedriverVersion: 137.0.7151.68 (2989ffee9373..., userDataDir: /var/folders/q8/j_gvr3ds4kb...}, fedcm:accounts:
    true, goog:chromeOptions: {debuggerAddress: localhost:51648}, networkConnectionEnabled: false, pageLoadStrategy:
    normal, platformName: mac, proxy: Proxy(), se:cdp: ws://localhost:51648/devtoo..., se:cdpVersion: 137.0.7151.56,
    setWindowRect: true, strictFileInteractability: false, timeouts: {implicit: 0, pageLoad: 300000, script: 30000},
    unhandledPromptBehavior: dismiss and notify, webauthn:extension:credBlob: true, webauthn:extension:largeBlob: true,
    webauthn:extension:minPinLength: true, webauthn:extension:prf: true, webauthn:virtualAuthenticators: true}
    at org.openqa.selenium.remote.HttpCommandExecutor.execute(HttpCommandExecutor.java:151)
    at org.openqa.selenium.remote.service.DriverCommandExecutor.invokeExecute(DriverCommandExecutor.java:216)
    at org.openqa.selenium.remote.service.DriverCommandExecutor.execute(DriverCommandExecutor.java:174)
    at org.openqa.selenium.remote.RemoteWebDriver.execute(RemoteWebDriver.java:545)
    at
    org.openqa.selenium.remote.RemoteWebDriver$RemoteWebDriverOptions$RemoteTimeouts.implicitlyWait(RemoteWebDriver.java:960)
    at ui.qa.studyMate.tests.TestBase.setup(TestBase.java:23)
    at java.base/java.util.ArrayList.forEach(ArrayList.java:1511)
    at com.intellij.rt.testng.IDEARemoteTestNG.run(IDEARemoteTestNG.java:65)
    at com.intellij.rt.testng.RemoteTestNGStarter.main(RemoteTestNGStarter.java:105)
    ... Removed 28 stack frames</div></td></tr></table><p class="totop"><a href="#summary">back to summary</a></p>
<h3 id="m15">ui.qa.studyMate.tests.StudentsPageTest#validateAddStudentFunctionality</h3><table class="result"><tr class="param"><th>Parameter #1</th><th>Parameter #2</th><th>Parameter #3</th><th>Parameter #4</th><th>Parameter #5</th><th>Parameter #6</th></tr><tr class="param stripe"><td>John</td><td>Doe</td><td>1234567890</td><td>johny@gmail.com</td><td>offline</td><td>New student successfully saved</td></tr><tr><th colspan="6">Exception</th></tr><tr><td colspan="6"><div class="stacktrace">org.openqa.selenium.NoSuchSessionException:
    Session ID is null. Using WebDriver after calling quit()?
    Build info: version: &apos;4.27.0&apos;, revision: &apos;d6e718d134&apos;
    System info: os.name: &apos;Mac OS X&apos;, os.arch: &apos;aarch64&apos;, os.version: &apos;15.5&apos;,
    java.version: &apos;17.0.13&apos;
    Driver info: org.openqa.selenium.chrome.ChromeDriver
    Command: [null, setTimeout {implicit=10000}]
    Capabilities {acceptInsecureCerts: false, browserName: chrome, browserVersion: 137.0.7151.56, chrome:
    {chromedriverVersion: 137.0.7151.68 (2989ffee9373..., userDataDir: /var/folders/q8/j_gvr3ds4kb...}, fedcm:accounts:
    true, goog:chromeOptions: {debuggerAddress: localhost:51648}, networkConnectionEnabled: false, pageLoadStrategy:
    normal, platformName: mac, proxy: Proxy(), se:cdp: ws://localhost:51648/devtoo..., se:cdpVersion: 137.0.7151.56,
    setWindowRect: true, strictFileInteractability: false, timeouts: {implicit: 0, pageLoad: 300000, script: 30000},
    unhandledPromptBehavior: dismiss and notify, webauthn:extension:credBlob: true, webauthn:extension:largeBlob: true,
    webauthn:extension:minPinLength: true, webauthn:extension:prf: true, webauthn:virtualAuthenticators: true}
    at org.openqa.selenium.remote.HttpCommandExecutor.execute(HttpCommandExecutor.java:151)
    at org.openqa.selenium.remote.service.DriverCommandExecutor.invokeExecute(DriverCommandExecutor.java:216)
    at org.openqa.selenium.remote.service.DriverCommandExecutor.execute(DriverCommandExecutor.java:174)
    at org.openqa.selenium.remote.RemoteWebDriver.execute(RemoteWebDriver.java:545)
    at
    org.openqa.selenium.remote.RemoteWebDriver$RemoteWebDriverOptions$RemoteTimeouts.implicitlyWait(RemoteWebDriver.java:960)
    at ui.qa.studyMate.tests.TestBase.setup(TestBase.java:23)
    at java.base/java.util.ArrayList.forEach(ArrayList.java:1511)
    at com.intellij.rt.testng.IDEARemoteTestNG.run(IDEARemoteTestNG.java:65)
    at com.intellij.rt.testng.RemoteTestNGStarter.main(RemoteTestNGStarter.java:105)
    ... Removed 28 stack frames</div></td></tr></table><p class="totop"><a href="#summary">back to summary</a></p>
<h3 id="m16">ui.qa.studyMate.tests.StudentsPageTest#validateEditStudentsFunctionality</h3><table class="result"><tr><th>Exception</th></tr><tr><td><div class="stacktrace">org.openqa.selenium.NoSuchSessionException:
    Session ID is null. Using WebDriver after calling quit()?
    Build info: version: &apos;4.27.0&apos;, revision: &apos;d6e718d134&apos;
    System info: os.name: &apos;Mac OS X&apos;, os.arch: &apos;aarch64&apos;, os.version: &apos;15.5&apos;,
    java.version: &apos;17.0.13&apos;
    Driver info: org.openqa.selenium.chrome.ChromeDriver
    Command: [null, setTimeout {implicit=10000}]
    Capabilities {acceptInsecureCerts: false, browserName: chrome, browserVersion: 137.0.7151.56, chrome:
    {chromedriverVersion: 137.0.7151.68 (2989ffee9373..., userDataDir: /var/folders/q8/j_gvr3ds4kb...}, fedcm:accounts:
    true, goog:chromeOptions: {debuggerAddress: localhost:51648}, networkConnectionEnabled: false, pageLoadStrategy:
    normal, platformName: mac, proxy: Proxy(), se:cdp: ws://localhost:51648/devtoo..., se:cdpVersion: 137.0.7151.56,
    setWindowRect: true, strictFileInteractability: false, timeouts: {implicit: 0, pageLoad: 300000, script: 30000},
    unhandledPromptBehavior: dismiss and notify, webauthn:extension:credBlob: true, webauthn:extension:largeBlob: true,
    webauthn:extension:minPinLength: true, webauthn:extension:prf: true, webauthn:virtualAuthenticators: true}
    at org.openqa.selenium.remote.HttpCommandExecutor.execute(HttpCommandExecutor.java:151)
    at org.openqa.selenium.remote.service.DriverCommandExecutor.invokeExecute(DriverCommandExecutor.java:216)
    at org.openqa.selenium.remote.service.DriverCommandExecutor.execute(DriverCommandExecutor.java:174)
    at org.openqa.selenium.remote.RemoteWebDriver.execute(RemoteWebDriver.java:545)
    at
    org.openqa.selenium.remote.RemoteWebDriver$RemoteWebDriverOptions$RemoteTimeouts.implicitlyWait(RemoteWebDriver.java:960)
    at ui.qa.studyMate.tests.TestBase.setup(TestBase.java:23)
    at java.base/java.util.ArrayList.forEach(ArrayList.java:1511)
    at com.intellij.rt.testng.IDEARemoteTestNG.run(IDEARemoteTestNG.java:65)
    at com.intellij.rt.testng.RemoteTestNGStarter.main(RemoteTestNGStarter.java:105)
    ... Removed 28 stack frames</div></td></tr></table><p class="totop"><a href="#summary">back to summary</a></p>
<h3 id="m17">ui.qa.studyMate.tests.CoursesPageTest#validateCancelCoursesCreationButton</h3><table class="result"><tr><th class="invisible"/></tr></table><p class="totop"><a href="#summary">back to summary</a></p>
<h3 id="m18">ui.qa.studyMate.tests.CoursesPageTest#validateCoursePageInformation</h3><table class="result"><tr class="param"><th>Parameter #1</th></tr><tr class="param stripe"><td>Create course</td></tr></table><p class="totop"><a href="#summary">back to summary</a></p>
<h3 id="m19">ui.qa.studyMate.tests.CoursesPageTest#validateCreateCourseFunctionality</h3><table class="result"><tr class="param"><th>Parameter #1</th><th>Parameter #2</th><th>Parameter #3</th><th>Parameter #4</th><th>Parameter #5</th><th>Parameter #6</th></tr><tr class="param stripe"><td>Automation</td><td>07.12.2025</td><td>Selenium</td><td>Automation</td><td>07.12.2025</td><td>Selenium</td></tr></table><p class="totop"><a href="#summary">back to summary</a></p>
<h3 id="m20">ui.qa.studyMate.tests.GroupsPageTest#createEditDeleteGroupTest</h3><table class="result"><tr class="param"><th>Parameter #1</th><th>Parameter #2</th><th>Parameter #3</th><th>Parameter #4</th></tr><tr class="param stripe"><td>1748983688326Group</td><td>We are aliens</td><td>26.05.2025</td><td>1748983688326GroupEdited</td></tr></table><p class="totop"><a href="#summary">back to summary</a></p>
<h3 id="m21">ui.qa.studyMate.tests.LoginPageTest#validateForgotPasswordAndLanguage</h3><table class="result"><tr class="param"><th>Parameter #1</th><th>Parameter #2</th></tr><tr class="param stripe"><td>english</td><td>Password reset email sent to this email</td></tr></table><p class="totop"><a href="#summary">back to summary</a></p>
<h3 id="m22">ui.qa.studyMate.tests.LoginPageTest#validateForgotPasswordAndLanguage</h3><table class="result"><tr class="param"><th>Parameter #1</th><th>Parameter #2</th></tr><tr class="param stripe"><td>russian</td><td>Письмо для сброса пароля отправлено на этот адрес электронной почты</td></tr></table><p class="totop"><a href="#summary">back to summary</a></p>
<h3 id="m23">ui.qa.studyMate.tests.LoginPageTest#validateLogin</h3><table class="result"><tr><th class="invisible"/></tr></table><p class="totop"><a href="#summary">back to summary</a></p>
<h3 id="m24">ui.qa.studyMate.tests.LoginPageTest#validateLoginInformation</h3><table class="result"><tr><th class="invisible"/></tr></table><p class="totop"><a href="#summary">back to summary</a></p>
</body>
</html>
